This file contains any messages produced by compilers while
running configure, to aid debugging if configure makes a mistake.

It was created by mbuni configure cvs, which was
generated by GNU Autoconf 2.61.  Invocation command line was

  $ ./configure --prefix=/opt/realtime/mbuni --with-kannel-dir=/opt/realtime/mbuni --with-malloc=native --with-ssl=/usr

## --------- ##
## Platform. ##
## --------- ##

hostname = mac.local
uname -m = i386
uname -r = 9.4.0
uname -s = Darwin
uname -v = Darwin Kernel Version 9.4.0: Mon Jun  9 19:30:53 PDT 2008; root:xnu-1228.5.20~1/RELEASE_I386

/usr/bin/uname -p = i386
/bin/uname -X     = unknown

/bin/arch              = unknown
/usr/bin/arch -k       = unknown
/usr/convex/getsysinfo = unknown
/usr/bin/hostinfo      = Mach kernel version:
	 Darwin Kernel Version 9.4.0: Mon Jun  9 19:30:53 PDT 2008; root:xnu-1228.5.20~1/RELEASE_I386
Kernel configured for up to 2 processors.
2 processors are physically available.
2 processors are logically available.
Processor type: i486 (Intel 80486)
Processors active: 0 1
Primary memory available: 2.00 gigabytes
Default processor set: 76 tasks, 324 threads, 2 processors
Load average: 0.98, Mach factor: 1.22
/bin/machine           = unknown
/usr/bin/oslevel       = unknown
/bin/universe          = unknown

PATH: /opt/realtime/mbuni/bin
PATH: /opt/realtime/mbuni/bin
PATH: /opt/realtime/mbuni/bin
PATH: /usr/local/bin/
PATH: /usr/local/sbin
PATH: /usr/bin
PATH: /bin
PATH: /usr/sbin
PATH: /sbin
PATH: /usr/local/bin
PATH: /usr/X11/bin
PATH: /Users/af/bin
PATH: /Users/af/kannel/bin
PATH: /usr/local/mysql/bin
PATH: /Users/af/Programmer/maven/bin
PATH: /Users/af/Programmer/ant/bin
PATH: /Users/af/Programmer/mvn/bin
PATH: /Users/af/Programmer/jmeter/bin


## ----------- ##
## Core tests. ##
## ----------- ##

configure:1957: checking Retrieving Mbuni version
configure:1965: result: 1.4.0
configure:2014: checking for a BSD-compatible install
configure:2070: result: /usr/bin/install -c
configure:2081: checking whether build environment is sane
configure:2124: result: yes
configure:2189: checking for gawk
configure:2219: result: no
configure:2189: checking for mawk
configure:2219: result: no
configure:2189: checking for nawk
configure:2219: result: no
configure:2189: checking for awk
configure:2205: found /usr/bin/awk
configure:2216: result: awk
configure:2227: checking whether make sets $(MAKE)
configure:2248: result: yes
configure:2434: checking whether to enable maintainer-specific portions of Makefiles
configure:2443: result: no
configure:2464: checking build system type
configure:2482: result: i386-apple-darwin9.4.0
configure:2504: checking host system type
configure:2519: result: i386-apple-darwin9.4.0
configure:2590: checking for gcc
configure:2606: found /usr/bin/gcc
configure:2617: result: gcc
configure:2855: checking for C compiler version
configure:2862: gcc --version >&5
i686-apple-darwin9-gcc-4.0.1 (GCC) 4.0.1 (Apple Inc. build 5465)
Copyright (C) 2005 Free Software Foundation, Inc.
This is free software; see the source for copying conditions.  There is NO
warranty; not even for MERCHANTABILITY or FITNESS FOR A PARTICULAR PURPOSE.

configure:2865: $? = 0
configure:2872: gcc -v >&5
Using built-in specs.
Target: i686-apple-darwin9
Configured with: /var/tmp/gcc/gcc-5465~16/src/configure --disable-checking -enable-werror --prefix=/usr --mandir=/share/man --enable-languages=c,objc,c++,obj-c++ --program-transform-name=/^[cg][^.-]*$/s/$/-4.0/ --with-gxx-include-dir=/include/c++/4.0.0 --with-slibdir=/usr/lib --build=i686-apple-darwin9 --with-arch=apple --with-tune=generic --host=i686-apple-darwin9 --target=i686-apple-darwin9
Thread model: posix
gcc version 4.0.1 (Apple Inc. build 5465)
configure:2875: $? = 0
configure:2882: gcc -V >&5
gcc-4.0: argument to `-V' is missing
configure:2885: $? = 1
configure:2908: checking for C compiler default output file name
configure:2935: gcc -D_LARGEFILE_SOURCE -D_FILE_OFFSET_BITS=64 -D_POSIX_PTHREAD_SEMANTICS -L/usr/lib  -L/opt/realtime/mbuni/lib conftest.c  >&5
configure:2938: $? = 0
configure:2976: result: a.out
configure:2993: checking whether the C compiler works
configure:3003: ./a.out
configure:3006: $? = 0
configure:3023: result: yes
configure:3030: checking whether we are cross compiling
configure:3032: result: no
configure:3035: checking for suffix of executables
configure:3042: gcc -o conftest -D_LARGEFILE_SOURCE -D_FILE_OFFSET_BITS=64 -D_POSIX_PTHREAD_SEMANTICS -L/usr/lib  -L/opt/realtime/mbuni/lib conftest.c  >&5
configure:3045: $? = 0
configure:3069: result: 
configure:3075: checking for suffix of object files
configure:3101: gcc -c -D_LARGEFILE_SOURCE -D_FILE_OFFSET_BITS=64 -D_POSIX_PTHREAD_SEMANTICS -L/usr/lib  conftest.c >&5
configure:3104: $? = 0
configure:3127: result: o
configure:3131: checking whether we are using the GNU C compiler
configure:3160: gcc -c -D_LARGEFILE_SOURCE -D_FILE_OFFSET_BITS=64 -D_POSIX_PTHREAD_SEMANTICS -L/usr/lib  conftest.c >&5
configure:3166: $? = 0
configure:3183: result: yes
configure:3188: checking whether gcc accepts -g
configure:3218: gcc -c -g  conftest.c >&5
configure:3224: $? = 0
configure:3323: result: yes
configure:3340: checking for gcc option to accept ISO C89
configure:3414: gcc  -c -D_LARGEFILE_SOURCE -D_FILE_OFFSET_BITS=64 -D_POSIX_PTHREAD_SEMANTICS -L/usr/lib  conftest.c >&5
configure:3420: $? = 0
configure:3443: result: none needed
configure:3472: checking for style of include used by make
configure:3500: result: GNU
configure:3528: checking dependency style of gcc
configure:3618: result: gcc3
configure:3707: checking for a sed that does not truncate output
configure:3761: result: /usr/bin/sed
configure:3764: checking for grep that handles long lines and -e
configure:3838: result: /usr/bin/grep
configure:3843: checking for egrep
configure:3921: result: /usr/bin/grep -E
configure:3937: checking for ld used by gcc
configure:4004: result: /usr/libexec/gcc/i686-apple-darwin9/4.0.1/ld
configure:4013: checking if the linker (/usr/libexec/gcc/i686-apple-darwin9/4.0.1/ld) is GNU ld
configure:4028: result: no
configure:4033: checking for /usr/libexec/gcc/i686-apple-darwin9/4.0.1/ld option to reload object files
configure:4040: result: -r
configure:4058: checking for BSD-compatible nm
configure:4107: result: /usr/bin/nm -p
configure:4111: checking whether ln -s works
configure:4115: result: yes
configure:4122: checking how to recognise dependent libraries
configure:4298: result: pass_all
configure:4532: checking how to run the C preprocessor
configure:4572: gcc -E  conftest.c
configure:4578: $? = 0
configure:4609: gcc -E  conftest.c
conftest.c:10:28: error: ac_nonexistent.h: No such file or directory
configure:4615: $? = 1
configure: failed program was:
| /* confdefs.h.  */
| #define PACKAGE_NAME "mbuni"
| #define PACKAGE_TARNAME "mbuni"
| #define PACKAGE_VERSION "cvs"
| #define PACKAGE_STRING "mbuni cvs"
| #define PACKAGE_BUGREPORT "devel@mbuni.org"
| #define PACKAGE "mbuni"
| #define VERSION "1.4.0"
| /* end confdefs.h.  */
| #include <ac_nonexistent.h>
configure:4648: result: gcc -E
configure:4677: gcc -E  conftest.c
configure:4683: $? = 0
configure:4714: gcc -E  conftest.c
conftest.c:10:28: error: ac_nonexistent.h: No such file or directory
configure:4720: $? = 1
configure: failed program was:
| /* confdefs.h.  */
| #define PACKAGE_NAME "mbuni"
| #define PACKAGE_TARNAME "mbuni"
| #define PACKAGE_VERSION "cvs"
| #define PACKAGE_STRING "mbuni cvs"
| #define PACKAGE_BUGREPORT "devel@mbuni.org"
| #define PACKAGE "mbuni"
| #define VERSION "1.4.0"
| /* end confdefs.h.  */
| #include <ac_nonexistent.h>
configure:4758: checking for ANSI C header files
configure:4788: gcc -c -D_LARGEFILE_SOURCE -D_FILE_OFFSET_BITS=64 -D_POSIX_PTHREAD_SEMANTICS -L/usr/lib  conftest.c >&5
configure:4794: $? = 0
configure:4893: gcc -o conftest -D_LARGEFILE_SOURCE -D_FILE_OFFSET_BITS=64 -D_POSIX_PTHREAD_SEMANTICS -L/usr/lib  -L/opt/realtime/mbuni/lib conftest.c  >&5
configure:4896: $? = 0
configure:4902: ./conftest
configure:4905: $? = 0
configure:4922: result: yes
configure:4946: checking for sys/types.h
configure:4967: gcc -c -D_LARGEFILE_SOURCE -D_FILE_OFFSET_BITS=64 -D_POSIX_PTHREAD_SEMANTICS -L/usr/lib  conftest.c >&5
configure:4973: $? = 0
configure:4989: result: yes
configure:4946: checking for sys/stat.h
configure:4967: gcc -c -D_LARGEFILE_SOURCE -D_FILE_OFFSET_BITS=64 -D_POSIX_PTHREAD_SEMANTICS -L/usr/lib  conftest.c >&5
configure:4973: $? = 0
configure:4989: result: yes
configure:4946: checking for stdlib.h
configure:4967: gcc -c -D_LARGEFILE_SOURCE -D_FILE_OFFSET_BITS=64 -D_POSIX_PTHREAD_SEMANTICS -L/usr/lib  conftest.c >&5
configure:4973: $? = 0
configure:4989: result: yes
configure:4946: checking for string.h
configure:4967: gcc -c -D_LARGEFILE_SOURCE -D_FILE_OFFSET_BITS=64 -D_POSIX_PTHREAD_SEMANTICS -L/usr/lib  conftest.c >&5
configure:4973: $? = 0
configure:4989: result: yes
configure:4946: checking for memory.h
configure:4967: gcc -c -D_LARGEFILE_SOURCE -D_FILE_OFFSET_BITS=64 -D_POSIX_PTHREAD_SEMANTICS -L/usr/lib  conftest.c >&5
configure:4973: $? = 0
configure:4989: result: yes
configure:4946: checking for strings.h
configure:4967: gcc -c -D_LARGEFILE_SOURCE -D_FILE_OFFSET_BITS=64 -D_POSIX_PTHREAD_SEMANTICS -L/usr/lib  conftest.c >&5
configure:4973: $? = 0
configure:4989: result: yes
configure:4946: checking for inttypes.h
configure:4967: gcc -c -D_LARGEFILE_SOURCE -D_FILE_OFFSET_BITS=64 -D_POSIX_PTHREAD_SEMANTICS -L/usr/lib  conftest.c >&5
configure:4973: $? = 0
configure:4989: result: yes
configure:4946: checking for stdint.h
configure:4967: gcc -c -D_LARGEFILE_SOURCE -D_FILE_OFFSET_BITS=64 -D_POSIX_PTHREAD_SEMANTICS -L/usr/lib  conftest.c >&5
configure:4973: $? = 0
configure:4989: result: yes
configure:4946: checking for unistd.h
configure:4967: gcc -c -D_LARGEFILE_SOURCE -D_FILE_OFFSET_BITS=64 -D_POSIX_PTHREAD_SEMANTICS -L/usr/lib  conftest.c >&5
configure:4973: $? = 0
configure:4989: result: yes
configure:5016: checking dlfcn.h usability
configure:5033: gcc -c -D_LARGEFILE_SOURCE -D_FILE_OFFSET_BITS=64 -D_POSIX_PTHREAD_SEMANTICS -L/usr/lib  conftest.c >&5
configure:5039: $? = 0
configure:5053: result: yes
configure:5057: checking dlfcn.h presence
configure:5072: gcc -E  conftest.c
configure:5078: $? = 0
configure:5092: result: yes
configure:5125: checking for dlfcn.h
configure:5133: result: yes
configure:5204: checking for g++
configure:5220: found /usr/bin/g++
configure:5231: result: g++
configure:5262: checking for C++ compiler version
configure:5269: g++ --version >&5
i686-apple-darwin9-g++-4.0.1 (GCC) 4.0.1 (Apple Inc. build 5465)
Copyright (C) 2005 Free Software Foundation, Inc.
This is free software; see the source for copying conditions.  There is NO
warranty; not even for MERCHANTABILITY or FITNESS FOR A PARTICULAR PURPOSE.

configure:5272: $? = 0
configure:5279: g++ -v >&5
Using built-in specs.
Target: i686-apple-darwin9
Configured with: /var/tmp/gcc/gcc-5465~16/src/configure --disable-checking -enable-werror --prefix=/usr --mandir=/share/man --enable-languages=c,objc,c++,obj-c++ --program-transform-name=/^[cg][^.-]*$/s/$/-4.0/ --with-gxx-include-dir=/include/c++/4.0.0 --with-slibdir=/usr/lib --build=i686-apple-darwin9 --with-arch=apple --with-tune=generic --host=i686-apple-darwin9 --target=i686-apple-darwin9
Thread model: posix
gcc version 4.0.1 (Apple Inc. build 5465)
configure:5282: $? = 0
configure:5289: g++ -V >&5
g++-4.0: argument to `-V' is missing
configure:5292: $? = 1
configure:5295: checking whether we are using the GNU C++ compiler
configure:5324: g++ -c   conftest.cpp >&5
configure:5330: $? = 0
configure:5347: result: yes
configure:5352: checking whether g++ accepts -g
configure:5382: g++ -c -g  conftest.cpp >&5
configure:5388: $? = 0
configure:5487: result: yes
configure:5512: checking dependency style of g++
configure:5602: result: gcc3
configure:5629: checking how to run the C++ preprocessor
configure:5665: g++ -E  conftest.cpp
configure:5671: $? = 0
configure:5702: g++ -E  conftest.cpp
conftest.cpp:21:28: error: ac_nonexistent.h: No such file or directory
configure:5708: $? = 1
configure: failed program was:
| /* confdefs.h.  */
| #define PACKAGE_NAME "mbuni"
| #define PACKAGE_TARNAME "mbuni"
| #define PACKAGE_VERSION "cvs"
| #define PACKAGE_STRING "mbuni cvs"
| #define PACKAGE_BUGREPORT "devel@mbuni.org"
| #define PACKAGE "mbuni"
| #define VERSION "1.4.0"
| #define STDC_HEADERS 1
| #define HAVE_SYS_TYPES_H 1
| #define HAVE_SYS_STAT_H 1
| #define HAVE_STDLIB_H 1
| #define HAVE_STRING_H 1
| #define HAVE_MEMORY_H 1
| #define HAVE_STRINGS_H 1
| #define HAVE_INTTYPES_H 1
| #define HAVE_STDINT_H 1
| #define HAVE_UNISTD_H 1
| #define HAVE_DLFCN_H 1
| /* end confdefs.h.  */
| #include <ac_nonexistent.h>
configure:5741: result: g++ -E
configure:5770: g++ -E  conftest.cpp
configure:5776: $? = 0
configure:5807: g++ -E  conftest.cpp
conftest.cpp:21:28: error: ac_nonexistent.h: No such file or directory
configure:5813: $? = 1
configure: failed program was:
| /* confdefs.h.  */
| #define PACKAGE_NAME "mbuni"
| #define PACKAGE_TARNAME "mbuni"
| #define PACKAGE_VERSION "cvs"
| #define PACKAGE_STRING "mbuni cvs"
| #define PACKAGE_BUGREPORT "devel@mbuni.org"
| #define PACKAGE "mbuni"
| #define VERSION "1.4.0"
| #define STDC_HEADERS 1
| #define HAVE_SYS_TYPES_H 1
| #define HAVE_SYS_STAT_H 1
| #define HAVE_STDLIB_H 1
| #define HAVE_STRING_H 1
| #define HAVE_MEMORY_H 1
| #define HAVE_STRINGS_H 1
| #define HAVE_INTTYPES_H 1
| #define HAVE_STDINT_H 1
| #define HAVE_UNISTD_H 1
| #define HAVE_DLFCN_H 1
| /* end confdefs.h.  */
| #include <ac_nonexistent.h>
configure:5906: checking for g77
configure:5936: result: no
configure:5906: checking for xlf
configure:5936: result: no
configure:5906: checking for f77
configure:5936: result: no
configure:5906: checking for frt
configure:5936: result: no
configure:5906: checking for pgf77
configure:5936: result: no
configure:5906: checking for cf77
configure:5936: result: no
configure:5906: checking for fort77
configure:5936: result: no
configure:5906: checking for fl32
configure:5936: result: no
configure:5906: checking for af77
configure:5936: result: no
configure:5906: checking for xlf90
configure:5936: result: no
configure:5906: checking for f90
configure:5936: result: no
configure:5906: checking for pgf90
configure:5936: result: no
configure:5906: checking for pghpf
configure:5936: result: no
configure:5906: checking for epcf90
configure:5936: result: no
configure:5906: checking for gfortran
configure:5936: result: no
configure:5906: checking for g95
configure:5936: result: no
configure:5906: checking for xlf95
configure:5936: result: no
configure:5906: checking for f95
configure:5936: result: no
configure:5906: checking for fort
configure:5936: result: no
configure:5906: checking for ifort
configure:5936: result: no
configure:5906: checking for ifc
configure:5936: result: no
configure:5906: checking for efc
configure:5936: result: no
configure:5906: checking for pgf95
configure:5936: result: no
configure:5906: checking for lf95
configure:5936: result: no
configure:5906: checking for ftn
configure:5936: result: no
configure:5963: checking for Fortran 77 compiler version
configure:5970:  --version >&5
./configure: line 5971: --version: command not found
configure:5973: $? = 127
configure:5980:  -v >&5
./configure: line 5981: -v: command not found
configure:5983: $? = 127
configure:5990:  -V >&5
./configure: line 5991: -V: command not found
configure:5993: $? = 127
configure:6001: checking whether we are using the GNU Fortran 77 compiler
configure:6020:  -c  conftest.F >&5
./configure: line 6021: -c: command not found
configure:6026: $? = 127
configure: failed program was:
|       program main
| #ifndef __GNUC__
|        choke me
| #endif
| 
|       end
configure:6043: result: no
configure:6049: checking whether  accepts -g
configure:6066:  -c -g conftest.f >&5
./configure: line 6067: -c: command not found
configure:6072: $? = 127
configure: failed program was:
|       program main
| 
|       end
configure:6088: result: no
configure:6118: checking the maximum length of command line arguments
configure:6227: result: 196608
configure:6238: checking command to parse /usr/bin/nm -p output from gcc object
configure:6343: gcc -c -D_LARGEFILE_SOURCE -D_FILE_OFFSET_BITS=64 -D_POSIX_PTHREAD_SEMANTICS -L/usr/lib  conftest.c >&5
configure:6346: $? = 0
configure:6350: /usr/bin/nm -p conftest.o \| sed -n -e 's/^.*[ 	]\([BCDEGRST][BCDEGRST]*\)[ 	][ 	]*\([_A-Za-z][_A-Za-z0-9]*\)$/\1 \2 \2/p' \> conftest.nm
configure:6353: $? = 0
cannot find nm_test_var in conftest.nm
configure:6343: gcc -c -D_LARGEFILE_SOURCE -D_FILE_OFFSET_BITS=64 -D_POSIX_PTHREAD_SEMANTICS -L/usr/lib  conftest.c >&5
configure:6346: $? = 0
configure:6350: /usr/bin/nm -p conftest.o \| sed -n -e 's/^.*[ 	]\([BCDEGRST][BCDEGRST]*\)[ 	][ 	]*_\([_A-Za-z][_A-Za-z0-9]*\)$/\1 _\2 \2/p' \> conftest.nm
configure:6353: $? = 0
configure:6405: gcc -o conftest -D_LARGEFILE_SOURCE -D_FILE_OFFSET_BITS=64 -D_POSIX_PTHREAD_SEMANTICS -L/usr/lib  -L/opt/realtime/mbuni/lib conftest.c conftstm.o >&5
configure:6408: $? = 0
configure:6446: result: ok
configure:6450: checking for objdir
configure:6465: result: .libs
configure:6557: checking for ar
configure:6573: found /usr/bin/ar
configure:6584: result: ar
configure:6653: checking for ranlib
configure:6669: found /usr/bin/ranlib
configure:6680: result: ranlib
configure:6749: checking for strip
configure:6765: found /usr/bin/strip
configure:6776: result: strip
configure:7062: checking if gcc supports -fno-rtti -fno-exceptions
configure:7080: gcc -c -D_LARGEFILE_SOURCE -D_FILE_OFFSET_BITS=64 -D_POSIX_PTHREAD_SEMANTICS -L/usr/lib  -fno-rtti -fno-exceptions conftest.c >&5
cc1: warning: command line option "-fno-rtti" is valid for C++/ObjC++ but not for C
configure:7084: $? = 0
configure:7097: result: no
configure:7112: checking for gcc option to produce PIC
configure:7322: result: -fno-common
configure:7330: checking if gcc PIC flag -fno-common works
configure:7348: gcc -c -D_LARGEFILE_SOURCE -D_FILE_OFFSET_BITS=64 -D_POSIX_PTHREAD_SEMANTICS -L/usr/lib  -fno-common -DPIC conftest.c >&5
configure:7352: $? = 0
configure:7365: result: yes
configure:7393: checking if gcc static flag -static works
configure:7421: result: no
configure:7431: checking if gcc supports -c -o file.o
configure:7452: gcc -c -D_LARGEFILE_SOURCE -D_FILE_OFFSET_BITS=64 -D_POSIX_PTHREAD_SEMANTICS -L/usr/lib  -o out/conftest2.o conftest.c >&5
configure:7456: $? = 0
configure:7478: result: yes
configure:7504: checking whether the gcc linker (/usr/libexec/gcc/i686-apple-darwin9/4.0.1/ld) supports shared libraries
configure:8458: result: yes
configure:8525: checking dynamic linker characteristics
configure:9113: result: darwin9.4.0 dyld
configure:9122: checking how to hardcode library paths into programs
configure:9147: result: immediate
configure:9161: checking whether stripping libraries is possible
configure:9174: result: yes
configure:9967: checking if libtool supports shared libraries
configure:9969: result: yes
configure:9972: checking whether to build shared libraries
configure:9993: result: yes
configure:9996: checking whether to build static libraries
configure:10000: result: yes
configure:10092: creating libtool
configure:10680: checking for ld used by g++
configure:10747: result: /usr/libexec/gcc/i686-apple-darwin9/4.0.1/ld
configure:10756: checking if the linker (/usr/libexec/gcc/i686-apple-darwin9/4.0.1/ld) is GNU ld
configure:10771: result: no
configure:10822: checking whether the g++ linker (/usr/libexec/gcc/i686-apple-darwin9/4.0.1/ld) supports shared libraries
configure:11756: result: yes
configure:11774: g++ -c -g -O2  conftest.cpp >&5
configure:11777: $? = 0
configure:11896: checking for g++ option to produce PIC
configure:12170: result: -fno-common
configure:12178: checking if g++ PIC flag -fno-common works
configure:12196: g++ -c -g -O2  -fno-common -DPIC conftest.cpp >&5
configure:12200: $? = 0
configure:12213: result: yes
configure:12241: checking if g++ static flag -static works
configure:12269: result: no
configure:12279: checking if g++ supports -c -o file.o
configure:12300: g++ -c -g -O2  -o out/conftest2.o conftest.cpp >&5
configure:12304: $? = 0
configure:12326: result: yes
configure:12352: checking whether the g++ linker (/usr/libexec/gcc/i686-apple-darwin9/4.0.1/ld) supports shared libraries
configure:12377: result: yes
configure:12444: checking dynamic linker characteristics
configure:13032: result: darwin9.4.0 dyld
configure:13041: checking how to hardcode library paths into programs
configure:13066: result: immediate
configure:19249: checking for ranlib
configure:19276: result: ranlib
configure:19308: checking for dlsym in -ldl
configure:19343: gcc -o conftest -D_LARGEFILE_SOURCE -D_FILE_OFFSET_BITS=64 -D_POSIX_PTHREAD_SEMANTICS -L/usr/lib  -L/opt/realtime/mbuni/lib conftest.c -ldl   >&5
configure:19349: $? = 0
configure:19367: result: yes
configure:19379: checking for pthread_create in -lpthread
configure:19414: gcc -o conftest -D_LARGEFILE_SOURCE -D_FILE_OFFSET_BITS=64 -D_POSIX_PTHREAD_SEMANTICS -L/usr/lib  -L/opt/realtime/mbuni/lib conftest.c -lpthread  -ldl  >&5
configure:19420: $? = 0
configure:19438: result: yes
configure:19458: checking for dirent.h that defines DIR
configure:19487: gcc -c -D_LARGEFILE_SOURCE -D_FILE_OFFSET_BITS=64 -D_POSIX_PTHREAD_SEMANTICS -L/usr/lib  conftest.c >&5
configure:19493: $? = 0
configure:19509: result: yes
configure:19522: checking for library containing opendir
configure:19563: gcc -o conftest -D_LARGEFILE_SOURCE -D_FILE_OFFSET_BITS=64 -D_POSIX_PTHREAD_SEMANTICS -L/usr/lib  -L/opt/realtime/mbuni/lib conftest.c -lpthread -ldl  >&5
configure:19569: $? = 0
configure:19597: result: none required
configure:19691: checking for ANSI C header files
configure:19855: result: yes
configure:19865: checking for sys/wait.h that is POSIX.1 compatible
configure:19901: gcc -c -D_LARGEFILE_SOURCE -D_FILE_OFFSET_BITS=64 -D_POSIX_PTHREAD_SEMANTICS -L/usr/lib  conftest.c >&5
configure:19907: $? = 0
configure:19922: result: yes
configure:19952: checking float.h usability
configure:19969: gcc -c -D_LARGEFILE_SOURCE -D_FILE_OFFSET_BITS=64 -D_POSIX_PTHREAD_SEMANTICS -L/usr/lib  conftest.c >&5
configure:19975: $? = 0
configure:19989: result: yes
configure:19993: checking float.h presence
configure:20008: gcc -E  conftest.c
configure:20014: $? = 0
configure:20028: result: yes
configure:20061: checking for float.h
configure:20069: result: yes
configure:19942: checking for memory.h
configure:19948: result: yes
configure:19942: checking for stdlib.h
configure:19948: result: yes
configure:19942: checking for string.h
configure:19948: result: yes
configure:19952: checking sys/file.h usability
configure:19969: gcc -c -D_LARGEFILE_SOURCE -D_FILE_OFFSET_BITS=64 -D_POSIX_PTHREAD_SEMANTICS -L/usr/lib  conftest.c >&5
configure:19975: $? = 0
configure:19989: result: yes
configure:19993: checking sys/file.h presence
configure:20008: gcc -E  conftest.c
configure:20014: $? = 0
configure:20028: result: yes
configure:20061: checking for sys/file.h
configure:20069: result: yes
configure:19942: checking for unistd.h
configure:19948: result: yes
configure:20083: checking for an ANSI C-conforming const
configure:20158: gcc -c -D_LARGEFILE_SOURCE -D_FILE_OFFSET_BITS=64 -D_POSIX_PTHREAD_SEMANTICS -L/usr/lib  conftest.c >&5
configure:20164: $? = 0
configure:20179: result: yes
configure:20189: checking whether struct tm is in sys/time.h or time.h
configure:20219: gcc -c -D_LARGEFILE_SOURCE -D_FILE_OFFSET_BITS=64 -D_POSIX_PTHREAD_SEMANTICS -L/usr/lib  conftest.c >&5
configure:20225: $? = 0
configure:20240: result: time.h
configure:20250: checking for working volatile
configure:20279: gcc -c -D_LARGEFILE_SOURCE -D_FILE_OFFSET_BITS=64 -D_POSIX_PTHREAD_SEMANTICS -L/usr/lib  conftest.c >&5
configure:20285: $? = 0
configure:20300: result: yes
configure:20311: checking whether closedir returns void
configure:20345: gcc -o conftest -D_LARGEFILE_SOURCE -D_FILE_OFFSET_BITS=64 -D_POSIX_PTHREAD_SEMANTICS -L/usr/lib  -L/opt/realtime/mbuni/lib conftest.c -lpthread -ldl  >&5
configure:20348: $? = 0
configure:20354: ./conftest
configure:20357: $? = 0
configure:20373: result: no
configure:20383: checking for error_at_line
configure:20409: gcc -o conftest -D_LARGEFILE_SOURCE -D_FILE_OFFSET_BITS=64 -D_POSIX_PTHREAD_SEMANTICS -L/usr/lib  -L/opt/realtime/mbuni/lib conftest.c -lpthread -ldl  >&5
conftest.c:32:19: error: error.h: No such file or directory
configure:20415: $? = 1
configure: failed program was:
| /* confdefs.h.  */
| #define PACKAGE_NAME "mbuni"
| #define PACKAGE_TARNAME "mbuni"
| #define PACKAGE_VERSION "cvs"
| #define PACKAGE_STRING "mbuni cvs"
| #define PACKAGE_BUGREPORT "devel@mbuni.org"
| #define PACKAGE "mbuni"
| #define VERSION "1.4.0"
| #define STDC_HEADERS 1
| #define HAVE_SYS_TYPES_H 1
| #define HAVE_SYS_STAT_H 1
| #define HAVE_STDLIB_H 1
| #define HAVE_STRING_H 1
| #define HAVE_MEMORY_H 1
| #define HAVE_STRINGS_H 1
| #define HAVE_INTTYPES_H 1
| #define HAVE_STDINT_H 1
| #define HAVE_UNISTD_H 1
| #define HAVE_DLFCN_H 1
| #define HAVE_LIBDL 1
| #define HAVE_LIBPTHREAD 1
| #define HAVE_DIRENT_H 1
| #define STDC_HEADERS 1
| #define HAVE_SYS_WAIT_H 1
| #define HAVE_FLOAT_H 1
| #define HAVE_MEMORY_H 1
| #define HAVE_STDLIB_H 1
| #define HAVE_STRING_H 1
| #define HAVE_SYS_FILE_H 1
| #define HAVE_UNISTD_H 1
| /* end confdefs.h.  */
| #include <error.h>
| int
| main ()
| {
| error_at_line (0, 0, "", 0, "an error occurred");
|   ;
|   return 0;
| }
configure:20432: result: no
configure:20448: checking for stdlib.h
configure:20454: result: yes
configure:20588: checking for GNU libc compatible malloc
configure:20622: gcc -o conftest -D_LARGEFILE_SOURCE -D_FILE_OFFSET_BITS=64 -D_POSIX_PTHREAD_SEMANTICS -L/usr/lib  -L/opt/realtime/mbuni/lib conftest.c -lpthread -ldl  >&5
configure:20625: $? = 0
configure:20631: ./conftest
configure:20634: $? = 0
configure:20650: result: yes
configure:20678: checking for working memcmp
configure:20731: gcc -o conftest -D_LARGEFILE_SOURCE -D_FILE_OFFSET_BITS=64 -D_POSIX_PTHREAD_SEMANTICS -L/usr/lib  -L/opt/realtime/mbuni/lib conftest.c -lpthread -ldl  >&5
configure:20734: $? = 0
configure:20740: ./conftest
configure:20743: $? = 0
configure:20759: result: yes
configure:20768: checking return type of signal handlers
configure:20796: gcc -c -D_LARGEFILE_SOURCE -D_FILE_OFFSET_BITS=64 -D_POSIX_PTHREAD_SEMANTICS -L/usr/lib  conftest.c >&5
conftest.c: In function 'main':
conftest.c:40: error: void value not ignored as it ought to be
configure:20802: $? = 1
configure: failed program was:
| /* confdefs.h.  */
| #define PACKAGE_NAME "mbuni"
| #define PACKAGE_TARNAME "mbuni"
| #define PACKAGE_VERSION "cvs"
| #define PACKAGE_STRING "mbuni cvs"
| #define PACKAGE_BUGREPORT "devel@mbuni.org"
| #define PACKAGE "mbuni"
| #define VERSION "1.4.0"
| #define STDC_HEADERS 1
| #define HAVE_SYS_TYPES_H 1
| #define HAVE_SYS_STAT_H 1
| #define HAVE_STDLIB_H 1
| #define HAVE_STRING_H 1
| #define HAVE_MEMORY_H 1
| #define HAVE_STRINGS_H 1
| #define HAVE_INTTYPES_H 1
| #define HAVE_STDINT_H 1
| #define HAVE_UNISTD_H 1
| #define HAVE_DLFCN_H 1
| #define HAVE_LIBDL 1
| #define HAVE_LIBPTHREAD 1
| #define HAVE_DIRENT_H 1
| #define STDC_HEADERS 1
| #define HAVE_SYS_WAIT_H 1
| #define HAVE_FLOAT_H 1
| #define HAVE_MEMORY_H 1
| #define HAVE_STDLIB_H 1
| #define HAVE_STRING_H 1
| #define HAVE_SYS_FILE_H 1
| #define HAVE_UNISTD_H 1
| #define HAVE_STDLIB_H 1
| #define HAVE_MALLOC 1
| /* end confdefs.h.  */
| #include <sys/types.h>
| #include <signal.h>
| 
| int
| main ()
| {
| return *(signal (0, 0)) (0) == 1;
|   ;
|   return 0;
| }
configure:20817: result: void
configure:20825: checking whether lstat dereferences a symlink specified with a trailing slash
configure:20861: gcc -o conftest -D_LARGEFILE_SOURCE -D_FILE_OFFSET_BITS=64 -D_POSIX_PTHREAD_SEMANTICS -L/usr/lib  -L/opt/realtime/mbuni/lib conftest.c -lpthread -ldl  >&5
configure:20864: $? = 0
configure:20870: ./conftest
configure:20873: $? = 1
configure: program exited with status 1
configure: failed program was:
| /* confdefs.h.  */
| #define PACKAGE_NAME "mbuni"
| #define PACKAGE_TARNAME "mbuni"
| #define PACKAGE_VERSION "cvs"
| #define PACKAGE_STRING "mbuni cvs"
| #define PACKAGE_BUGREPORT "devel@mbuni.org"
| #define PACKAGE "mbuni"
| #define VERSION "1.4.0"
| #define STDC_HEADERS 1
| #define HAVE_SYS_TYPES_H 1
| #define HAVE_SYS_STAT_H 1
| #define HAVE_STDLIB_H 1
| #define HAVE_STRING_H 1
| #define HAVE_MEMORY_H 1
| #define HAVE_STRINGS_H 1
| #define HAVE_INTTYPES_H 1
| #define HAVE_STDINT_H 1
| #define HAVE_UNISTD_H 1
| #define HAVE_DLFCN_H 1
| #define HAVE_LIBDL 1
| #define HAVE_LIBPTHREAD 1
| #define HAVE_DIRENT_H 1
| #define STDC_HEADERS 1
| #define HAVE_SYS_WAIT_H 1
| #define HAVE_FLOAT_H 1
| #define HAVE_MEMORY_H 1
| #define HAVE_STDLIB_H 1
| #define HAVE_STRING_H 1
| #define HAVE_SYS_FILE_H 1
| #define HAVE_UNISTD_H 1
| #define HAVE_STDLIB_H 1
| #define HAVE_MALLOC 1
| #define RETSIGTYPE void
| /* end confdefs.h.  */
| #include <stdio.h>
| #ifdef HAVE_SYS_TYPES_H
| # include <sys/types.h>
| #endif
| #ifdef HAVE_SYS_STAT_H
| # include <sys/stat.h>
| #endif
| #ifdef STDC_HEADERS
| # include <stdlib.h>
| # include <stddef.h>
| #else
| # ifdef HAVE_STDLIB_H
| #  include <stdlib.h>
| # endif
| #endif
| #ifdef HAVE_STRING_H
| # if !defined STDC_HEADERS && defined HAVE_MEMORY_H
| #  include <memory.h>
| # endif
| # include <string.h>
| #endif
| #ifdef HAVE_STRINGS_H
| # include <strings.h>
| #endif
| #ifdef HAVE_INTTYPES_H
| # include <inttypes.h>
| #endif
| #ifdef HAVE_STDINT_H
| # include <stdint.h>
| #endif
| #ifdef HAVE_UNISTD_H
| # include <unistd.h>
| #endif
| int
| main ()
| {
| struct stat sbuf;
|      /* Linux will dereference the symlink and fail.
| 	That is better in the sense that it means we will not
| 	have to compile and use the lstat wrapper.  */
|      return lstat ("conftest.sym/", &sbuf) == 0;
|   ;
|   return 0;
| }
configure:20896: result: no
configure:20915: checking whether stat accepts an empty string
configure:20945: gcc -o conftest -D_LARGEFILE_SOURCE -D_FILE_OFFSET_BITS=64 -D_POSIX_PTHREAD_SEMANTICS -L/usr/lib  -L/opt/realtime/mbuni/lib conftest.c -lpthread -ldl  >&5
configure:20948: $? = 0
configure:20954: ./conftest
configure:20957: $? = 0
configure:20973: result: no
configure:20999: checking for floor
configure:21055: gcc -o conftest -D_LARGEFILE_SOURCE -D_FILE_OFFSET_BITS=64 -D_POSIX_PTHREAD_SEMANTICS -L/usr/lib  -L/opt/realtime/mbuni/lib conftest.c -lpthread -ldl  >&5
conftest.c:58: warning: conflicting types for built-in function 'floor'
configure:21061: $? = 0
configure:21079: result: yes
configure:20999: checking for localtime_r
configure:21055: gcc -o conftest -D_LARGEFILE_SOURCE -D_FILE_OFFSET_BITS=64 -D_POSIX_PTHREAD_SEMANTICS -L/usr/lib  -L/opt/realtime/mbuni/lib conftest.c -lpthread -ldl  >&5
configure:21061: $? = 0
configure:21079: result: yes
configure:20999: checking for memset
configure:21055: gcc -o conftest -D_LARGEFILE_SOURCE -D_FILE_OFFSET_BITS=64 -D_POSIX_PTHREAD_SEMANTICS -L/usr/lib  -L/opt/realtime/mbuni/lib conftest.c -lpthread -ldl  >&5
conftest.c:60: warning: conflicting types for built-in function 'memset'
configure:21061: $? = 0
configure:21079: result: yes
configure:20999: checking for sqrt
configure:21055: gcc -o conftest -D_LARGEFILE_SOURCE -D_FILE_OFFSET_BITS=64 -D_POSIX_PTHREAD_SEMANTICS -L/usr/lib  -L/opt/realtime/mbuni/lib conftest.c -lpthread -ldl  >&5
conftest.c:61: warning: conflicting types for built-in function 'sqrt'
configure:21061: $? = 0
configure:21079: result: yes
configure:20999: checking for strerror
configure:21055: gcc -o conftest -D_LARGEFILE_SOURCE -D_FILE_OFFSET_BITS=64 -D_POSIX_PTHREAD_SEMANTICS -L/usr/lib  -L/opt/realtime/mbuni/lib conftest.c -lpthread -ldl  >&5
configure:21061: $? = 0
configure:21079: result: yes
configure:20999: checking for strrchr
configure:21055: gcc -o conftest -D_LARGEFILE_SOURCE -D_FILE_OFFSET_BITS=64 -D_POSIX_PTHREAD_SEMANTICS -L/usr/lib  -L/opt/realtime/mbuni/lib conftest.c -lpthread -ldl  >&5
conftest.c:63: warning: conflicting types for built-in function 'strrchr'
configure:21061: $? = 0
configure:21079: result: yes
configure:20999: checking for strtol
configure:21055: gcc -o conftest -D_LARGEFILE_SOURCE -D_FILE_OFFSET_BITS=64 -D_POSIX_PTHREAD_SEMANTICS -L/usr/lib  -L/opt/realtime/mbuni/lib conftest.c -lpthread -ldl  >&5
configure:21061: $? = 0
configure:21079: result: yes
configure:21198: checking for special C compiler options needed for large files
configure:21291: result: no
configure:21297: checking for _FILE_OFFSET_BITS value needed for large files
configure:21332: gcc -c -D_LARGEFILE_SOURCE -D_FILE_OFFSET_BITS=64 -D_POSIX_PTHREAD_SEMANTICS -L/usr/lib -DDARWIN=1 -O4 -Wall  conftest.c >&5
configure:21338: $? = 0
configure:21406: result: no
configure:21567: checking whether to compile with SSL support
configure:21601: result: trying /usr/lib /usr/include
configure:21612: checking for openssl
configure:21630: found /usr/bin/openssl
configure:21643: result: /usr/bin/openssl
configure:21658: checking for CRYPTO_lock in -lcrypto
configure:21693: gcc -o conftest -D_LARGEFILE_SOURCE -D_FILE_OFFSET_BITS=64 -D_POSIX_PTHREAD_SEMANTICS -L/usr/lib -DDARWIN=1 -O4 -Wall -D_LARGE_FILES= -I/usr/include  -L/opt/realtime/mbuni/lib conftest.c -lcrypto  -lpthread -ldl  -L/usr/lib >&5
configure:21699: $? = 0
configure:21717: result: yes
configure:21721: checking for SSL_library_init in -lssl
configure:21756: gcc -o conftest -D_LARGEFILE_SOURCE -D_FILE_OFFSET_BITS=64 -D_POSIX_PTHREAD_SEMANTICS -L/usr/lib -DDARWIN=1 -O4 -Wall -D_LARGE_FILES= -I/usr/include  -L/opt/realtime/mbuni/lib conftest.c -lssl  -lpthread -ldl  -L/usr/lib -lcrypto >&5
configure:21762: $? = 0
configure:21780: result: yes
configure:21784: checking for SSL_connect in -lssl
configure:21819: gcc -o conftest -D_LARGEFILE_SOURCE -D_FILE_OFFSET_BITS=64 -D_POSIX_PTHREAD_SEMANTICS -L/usr/lib -DDARWIN=1 -O4 -Wall -D_LARGE_FILES= -I/usr/include  -L/opt/realtime/mbuni/lib conftest.c -lssl  -lpthread -ldl  -L/usr/lib -lcrypto >&5
configure:21825: $? = 0
configure:21843: result: yes
configure:21875: checking openssl/x509.h usability
configure:21892: gcc -c -D_LARGEFILE_SOURCE -D_FILE_OFFSET_BITS=64 -D_POSIX_PTHREAD_SEMANTICS -L/usr/lib -DDARWIN=1 -O4 -Wall -D_LARGE_FILES= -I/usr/include  conftest.c >&5
configure:21898: $? = 0
configure:21912: result: yes
configure:21916: checking openssl/x509.h presence
configure:21931: gcc -E  conftest.c
configure:21937: $? = 0
configure:21951: result: yes
configure:21984: checking for openssl/x509.h
configure:21992: result: yes
configure:21875: checking openssl/rsa.h usability
configure:21892: gcc -c -D_LARGEFILE_SOURCE -D_FILE_OFFSET_BITS=64 -D_POSIX_PTHREAD_SEMANTICS -L/usr/lib -DDARWIN=1 -O4 -Wall -D_LARGE_FILES= -I/usr/include  conftest.c >&5
configure:21898: $? = 0
configure:21912: result: yes
configure:21916: checking openssl/rsa.h presence
configure:21931: gcc -E  conftest.c
configure:21937: $? = 0
configure:21951: result: yes
configure:21984: checking for openssl/rsa.h
configure:21992: result: yes
configure:21875: checking openssl/crypto.h usability
configure:21892: gcc -c -D_LARGEFILE_SOURCE -D_FILE_OFFSET_BITS=64 -D_POSIX_PTHREAD_SEMANTICS -L/usr/lib -DDARWIN=1 -O4 -Wall -D_LARGE_FILES= -I/usr/include  conftest.c >&5
configure:21898: $? = 0
configure:21912: result: yes
configure:21916: checking openssl/crypto.h presence
configure:21931: gcc -E  conftest.c
configure:21937: $? = 0
configure:21951: result: yes
configure:21984: checking for openssl/crypto.h
configure:21992: result: yes
configure:21875: checking openssl/pem.h usability
configure:21892: gcc -c -D_LARGEFILE_SOURCE -D_FILE_OFFSET_BITS=64 -D_POSIX_PTHREAD_SEMANTICS -L/usr/lib -DDARWIN=1 -O4 -Wall -D_LARGE_FILES= -I/usr/include  conftest.c >&5
configure:21898: $? = 0
configure:21912: result: yes
configure:21916: checking openssl/pem.h presence
configure:21931: gcc -E  conftest.c
configure:21937: $? = 0
configure:21951: result: yes
configure:21984: checking for openssl/pem.h
configure:21992: result: yes
configure:21875: checking openssl/ssl.h usability
configure:21892: gcc -c -D_LARGEFILE_SOURCE -D_FILE_OFFSET_BITS=64 -D_POSIX_PTHREAD_SEMANTICS -L/usr/lib -DDARWIN=1 -O4 -Wall -D_LARGE_FILES= -I/usr/include  conftest.c >&5
configure:21898: $? = 0
configure:21912: result: yes
configure:21916: checking openssl/ssl.h presence
configure:21931: gcc -E  conftest.c
configure:21937: $? = 0
configure:21951: result: yes
configure:21984: checking for openssl/ssl.h
configure:21992: result: yes
configure:21875: checking openssl/err.h usability
configure:21892: gcc -c -D_LARGEFILE_SOURCE -D_FILE_OFFSET_BITS=64 -D_POSIX_PTHREAD_SEMANTICS -L/usr/lib -DDARWIN=1 -O4 -Wall -D_LARGE_FILES= -I/usr/include  conftest.c >&5
configure:21898: $? = 0
configure:21912: result: yes
configure:21916: checking openssl/err.h presence
configure:21931: gcc -E  conftest.c
configure:21937: $? = 0
configure:21951: result: yes
configure:21984: checking for openssl/err.h
configure:21992: result: yes
configure:22005: checking whether the OpenSSL library is multithread-enabled
configure:22037: gcc -o conftest -D_LARGEFILE_SOURCE -D_FILE_OFFSET_BITS=64 -D_POSIX_PTHREAD_SEMANTICS -L/usr/lib -DDARWIN=1 -O4 -Wall -D_LARGE_FILES= -I/usr/include  -L/opt/realtime/mbuni/lib conftest.c -lssl -lpthread -ldl  -L/usr/lib -lcrypto >&5
conftest.c: In function 'main':
conftest.c:56: warning: implicit declaration of function 'exit'
conftest.c:56: warning: incompatible implicit declaration of built-in function 'exit'
configure:22040: $? = 0
configure:22046: ./conftest
configure:22049: $? = 0
configure:22052: result: yes
configure:22059: checking whether to compile with SSL support
configure:22061: result: yes
configure:22117: checking for gw-config
configure:22136: found /opt/realtime/mbuni/bin/gw-config
configure:22149: result: /opt/realtime/mbuni/bin/gw-config
configure:22201: checking Kannel version
configure:22204: result: cvs-20080727
configure:22206: checking Kannel libs
configure:22212: result: -L/opt/realtime/mbuni/lib/kannel -lgw -lwap -lgwlib -lssl -lresolv -lm  -lpthread -liconv -L/usr/lib -lxml2 -lz -lpthread -licucore -lm -L/usr/lib -lcrypto -lssl
configure:22215: checking Kannel includes
configure:22220: result: -I/opt/realtime/mbuni/include/kannel  -D_LARGEFILE_SOURCE -D_FILE_OFFSET_BITS=64 -L/usr/lib -DDARWIN=1 -L/Developer/SDKs/MacOSX10.4u.sdk/usr/lib -I/Developer/SDKs/MacOSX10.4u.sdk/usr/include -fnested-functions -D_LARGE_FILES= -I/usr/include/libxml2 -I/usr/include
configure:22226: checking for cfg_create in -lgwlib
configure:22261: gcc -o conftest -D_LARGEFILE_SOURCE -D_FILE_OFFSET_BITS=64 -D_POSIX_PTHREAD_SEMANTICS -L/usr/lib -DDARWIN=1 -O4 -Wall -D_LARGE_FILES= -I/usr/include -I/opt/realtime/mbuni/include/kannel  -D_LARGEFILE_SOURCE -D_FILE_OFFSET_BITS=64 -L/usr/lib -DDARWIN=1 -L/Developer/SDKs/MacOSX10.4u.sdk/usr/lib -I/Developer/SDKs/MacOSX10.4u.sdk/usr/include -fnested-functions -D_LARGE_FILES= -I/usr/include/libxml2 -I/usr/include  -L/opt/realtime/mbuni/lib -L/opt/realtime/mbuni/lib/kannel -lgw -lwap -lgwlib -lssl -lresolv -lm  -lpthread -liconv -L/usr/lib -lxml2 -lz -lpthread -licucore -lm -L/usr/lib -lcrypto -lssl conftest.c -lgwlib  -lssl -lpthread -ldl  -L/usr/lib -lcrypto -lssl -L/opt/realtime/mbuni/lib/kannel -lgw -lwap -lgwlib -lssl -lresolv -lm  -lpthread -liconv -L/usr/lib -lxml2 -lz -lpthread -licucore -lm -L/usr/lib -lcrypto -lssl >&5
configure:22267: $? = 0
configure:22285: result: yes
configure:22301: checking for wsp_headers_pack in -lwap
configure:22336: gcc -o conftest -D_LARGEFILE_SOURCE -D_FILE_OFFSET_BITS=64 -D_POSIX_PTHREAD_SEMANTICS -L/usr/lib -DDARWIN=1 -O4 -Wall -D_LARGE_FILES= -I/usr/include -I/opt/realtime/mbuni/include/kannel  -D_LARGEFILE_SOURCE -D_FILE_OFFSET_BITS=64 -L/usr/lib -DDARWIN=1 -L/Developer/SDKs/MacOSX10.4u.sdk/usr/lib -I/Developer/SDKs/MacOSX10.4u.sdk/usr/include -fnested-functions -D_LARGE_FILES= -I/usr/include/libxml2 -I/usr/include  -L/opt/realtime/mbuni/lib -L/opt/realtime/mbuni/lib/kannel -lgw -lwap -lgwlib -lssl -lresolv -lm  -lpthread -liconv -L/usr/lib -lxml2 -lz -lpthread -licucore -lm -L/usr/lib -lcrypto -lssl conftest.c -lwap  -lgwlib -lssl -lpthread -ldl  -L/usr/lib -lcrypto -lssl -L/opt/realtime/mbuni/lib/kannel -lgw -lwap -lgwlib -lssl -lresolv -lm  -lpthread -liconv -L/usr/lib -lxml2 -lz -lpthread -licucore -lm -L/usr/lib -lcrypto -lssl >&5
configure:22342: $? = 0
configure:22360: result: yes
configure:22391: checking for pg_config
configure:22423: result: no
configure:22435: checking for PostgresSQL include files in
configure:22437: result: /usr/local/pgsql
configure:22440: checking for "/usr/local/pgsql/include/postgresql/libpq-fe.h"
configure:22456: result: no
configure:22462: checking for "/usr/local/pgsql/include/pgsql/libpq-fe.h"
configure:22478: result: no
configure:22484: checking for "/usr/local/pgsql/pgsql/include/libpq-fe.h"
configure:22500: result: no
configure:22435: checking for PostgresSQL include files in
configure:22437: result: /usr
configure:22440: checking for "/usr/include/postgresql/libpq-fe.h"
configure:22456: result: no
configure:22462: checking for "/usr/include/pgsql/libpq-fe.h"
configure:22478: result: no
configure:22484: checking for "/usr/pgsql/include/libpq-fe.h"
configure:22500: result: no
configure:22435: checking for PostgresSQL include files in
configure:22437: result: /usr/local
configure:22440: checking for "/usr/local/include/postgresql/libpq-fe.h"
configure:22456: result: no
configure:22462: checking for "/usr/local/include/pgsql/libpq-fe.h"
configure:22478: result: no
configure:22484: checking for "/usr/local/pgsql/include/libpq-fe.h"
configure:22500: result: no
configure:22539: checking for PQexec in -lpq
configure:22574: gcc -o conftest -D_LARGEFILE_SOURCE -D_FILE_OFFSET_BITS=64 -D_POSIX_PTHREAD_SEMANTICS -L/usr/lib -DDARWIN=1 -O4 -Wall -D_LARGE_FILES= -I/usr/include -I/opt/realtime/mbuni/include/kannel  -D_LARGEFILE_SOURCE -D_FILE_OFFSET_BITS=64 -L/usr/lib -DDARWIN=1 -L/Developer/SDKs/MacOSX10.4u.sdk/usr/lib -I/Developer/SDKs/MacOSX10.4u.sdk/usr/include -fnested-functions -D_LARGE_FILES= -I/usr/include/libxml2 -I/usr/include  -L/opt/realtime/mbuni/lib -L/opt/realtime/mbuni/lib/kannel -lgw -lwap -lgwlib -lssl -lresolv -lm  -lpthread -liconv -L/usr/lib -lxml2 -lz -lpthread -licucore -lm -L/usr/lib -lcrypto -lssl conftest.c -lpq  -lwap -lgwlib -lssl -lpthread -ldl  -L/usr/lib -lcrypto -lssl -L/opt/realtime/mbuni/lib/kannel -lgw -lwap -lgwlib -lssl -lresolv -lm  -lpthread -liconv -L/usr/lib -lxml2 -lz -lpthread -licucore -lm -L/usr/lib -lcrypto -lssl >&5
ld: library not found for -lpq
collect2: ld returned 1 exit status
configure:22580: $? = 1
configure: failed program was:
| /* confdefs.h.  */
| #define PACKAGE_NAME "mbuni"
| #define PACKAGE_TARNAME "mbuni"
| #define PACKAGE_VERSION "cvs"
| #define PACKAGE_STRING "mbuni cvs"
| #define PACKAGE_BUGREPORT "devel@mbuni.org"
| #define PACKAGE "mbuni"
| #define VERSION "1.4.0"
| #define STDC_HEADERS 1
| #define HAVE_SYS_TYPES_H 1
| #define HAVE_SYS_STAT_H 1
| #define HAVE_STDLIB_H 1
| #define HAVE_STRING_H 1
| #define HAVE_MEMORY_H 1
| #define HAVE_STRINGS_H 1
| #define HAVE_INTTYPES_H 1
| #define HAVE_STDINT_H 1
| #define HAVE_UNISTD_H 1
| #define HAVE_DLFCN_H 1
| #define HAVE_LIBDL 1
| #define HAVE_LIBPTHREAD 1
| #define HAVE_DIRENT_H 1
| #define STDC_HEADERS 1
| #define HAVE_SYS_WAIT_H 1
| #define HAVE_FLOAT_H 1
| #define HAVE_MEMORY_H 1
| #define HAVE_STDLIB_H 1
| #define HAVE_STRING_H 1
| #define HAVE_SYS_FILE_H 1
| #define HAVE_UNISTD_H 1
| #define HAVE_STDLIB_H 1
| #define HAVE_MALLOC 1
| #define RETSIGTYPE void
| #define HAVE_FLOOR 1
| #define HAVE_LOCALTIME_R 1
| #define HAVE_MEMSET 1
| #define HAVE_SQRT 1
| #define HAVE_STRERROR 1
| #define HAVE_STRRCHR 1
| #define HAVE_STRTOL 1
| #define HAVE_LIBSSL 1
| #define HAVE_OPENSSL_X509_H 1
| #define HAVE_OPENSSL_RSA_H 1
| #define HAVE_OPENSSL_CRYPTO_H 1
| #define HAVE_OPENSSL_PEM_H 1
| #define HAVE_OPENSSL_SSL_H 1
| #define HAVE_OPENSSL_ERR_H 1
| #define HAVE_LIBSSL 1
| #define HAVE_LIBGWLIB 1
| #define HAVE_LIBWAP 1
| /* end confdefs.h.  */
| 
| /* Override any GCC internal prototype to avoid an error.
|    Use char because int might match the return type of a GCC
|    builtin and then its argument prototype would still apply.  */
| #ifdef __cplusplus
| extern "C"
| #endif
| char PQexec ();
| int
| main ()
| {
| return PQexec ();
|   ;
|   return 0;
| }
configure:22598: result: no
configure:22763: creating ./config.status

## ---------------------- ##
## Running config.status. ##
## ---------------------- ##

This file was extended by mbuni config.status cvs, which was
generated by GNU Autoconf 2.61.  Invocation command line was

  CONFIG_FILES    = 
  CONFIG_HEADERS  = 
  CONFIG_LINKS    = 
  CONFIG_COMMANDS = 
  $ ./config.status 

on mac.local

config.status:677: creating Makefile
config.status:677: creating autotools/Makefile
config.status:677: creating doc/Makefile
config.status:677: creating doc/examples/Makefile
config.status:677: creating doc/images/Makefile
config.status:677: creating mmlib/Makefile
config.status:677: creating mmsc/Makefile
config.status:677: creating mmsbox/Makefile
config.status:677: creating extras/Makefile
config.status:677: creating extras/pgsql-queue/Makefile
config.status:677: creating mbuni-config.h
config.status:938: mbuni-config.h is unchanged
config.status:984: executing depfiles commands

## ---------------- ##
## Cache variables. ##
## ---------------- ##

ac_cv_build=i386-apple-darwin9.4.0
ac_cv_c_compiler_gnu=yes
ac_cv_c_const=yes
ac_cv_c_volatile=yes
ac_cv_cxx_compiler_gnu=yes
ac_cv_env_CCC_set=
ac_cv_env_CCC_value=
ac_cv_env_CC_set=
ac_cv_env_CC_value=
ac_cv_env_CFLAGS_set=set
ac_cv_env_CFLAGS_value='-D_LARGEFILE_SOURCE -D_FILE_OFFSET_BITS=64 -D_POSIX_PTHREAD_SEMANTICS -L/usr/lib'
ac_cv_env_CPPFLAGS_set=
ac_cv_env_CPPFLAGS_value=
ac_cv_env_CPP_set=
ac_cv_env_CPP_value=
ac_cv_env_CXXCPP_set=
ac_cv_env_CXXCPP_value=
ac_cv_env_CXXFLAGS_set=
ac_cv_env_CXXFLAGS_value=
ac_cv_env_CXX_set=
ac_cv_env_CXX_value=
ac_cv_env_F77_set=
ac_cv_env_F77_value=
ac_cv_env_FFLAGS_set=
ac_cv_env_FFLAGS_value=
ac_cv_env_LDFLAGS_set=set
ac_cv_env_LDFLAGS_value=-L/opt/realtime/mbuni/lib
ac_cv_env_LIBS_set=
ac_cv_env_LIBS_value=
ac_cv_env_build_alias_set=
ac_cv_env_build_alias_value=
ac_cv_env_host_alias_set=
ac_cv_env_host_alias_value=
ac_cv_env_target_alias_set=
ac_cv_env_target_alias_value=
ac_cv_f77_compiler_gnu=no
ac_cv_file__usr_include_pgsql_libpq_fe_h=no
ac_cv_file__usr_include_postgresql_libpq_fe_h=no
ac_cv_file__usr_local_include_pgsql_libpq_fe_h=no
ac_cv_file__usr_local_include_postgresql_libpq_fe_h=no
ac_cv_file__usr_local_pgsql_include_libpq_fe_h=no
ac_cv_file__usr_local_pgsql_include_pgsql_libpq_fe_h=no
ac_cv_file__usr_local_pgsql_include_postgresql_libpq_fe_h=no
ac_cv_file__usr_local_pgsql_pgsql_include_libpq_fe_h=no
ac_cv_file__usr_pgsql_include_libpq_fe_h=no
ac_cv_func_closedir_void=no
ac_cv_func_floor=yes
ac_cv_func_localtime_r=yes
ac_cv_func_lstat_dereferences_slashed_symlink=no
ac_cv_func_malloc_0_nonnull=yes
ac_cv_func_memcmp_working=yes
ac_cv_func_memset=yes
ac_cv_func_sqrt=yes
ac_cv_func_stat_empty_string_bug=no
ac_cv_func_strerror=yes
ac_cv_func_strrchr=yes
ac_cv_func_strtol=yes
ac_cv_header_dirent_dirent_h=yes
ac_cv_header_dlfcn_h=yes
ac_cv_header_float_h=yes
ac_cv_header_inttypes_h=yes
ac_cv_header_memory_h=yes
ac_cv_header_openssl_crypto_h=yes
ac_cv_header_openssl_err_h=yes
ac_cv_header_openssl_pem_h=yes
ac_cv_header_openssl_rsa_h=yes
ac_cv_header_openssl_ssl_h=yes
ac_cv_header_openssl_x509_h=yes
ac_cv_header_stdc=yes
ac_cv_header_stdint_h=yes
ac_cv_header_stdlib_h=yes
ac_cv_header_string_h=yes
ac_cv_header_strings_h=yes
ac_cv_header_sys_file_h=yes
ac_cv_header_sys_stat_h=yes
ac_cv_header_sys_types_h=yes
ac_cv_header_sys_wait_h=yes
ac_cv_header_unistd_h=yes
ac_cv_host=i386-apple-darwin9.4.0
ac_cv_lib_crypto_CRYPTO_lock=yes
ac_cv_lib_dl_dlsym=yes
ac_cv_lib_error_at_line=no
ac_cv_lib_gwlib_cfg_create=yes
ac_cv_lib_pq_PQexec=no
ac_cv_lib_pthread_pthread_create=yes
ac_cv_lib_ssl_SSL_connect=yes
ac_cv_lib_ssl_SSL_library_init=yes
ac_cv_lib_wap_wsp_headers_pack=yes
ac_cv_objext=o
ac_cv_path_EGREP='/usr/bin/grep -E'
ac_cv_path_GREP=/usr/bin/grep
ac_cv_path_GW_CONFIG=/opt/realtime/mbuni/bin/gw-config
ac_cv_path_OPENSSL=/usr/bin/openssl
ac_cv_path_PGSQL_CONFIG=no
ac_cv_path_install='/usr/bin/install -c'
ac_cv_prog_AWK=awk
ac_cv_prog_CPP='gcc -E'
ac_cv_prog_CXXCPP='g++ -E'
ac_cv_prog_ac_ct_AR=ar
ac_cv_prog_ac_ct_CC=gcc
ac_cv_prog_ac_ct_CXX=g++
ac_cv_prog_ac_ct_RANLIB=ranlib
ac_cv_prog_ac_ct_STRIP=strip
ac_cv_prog_cc_c89=
ac_cv_prog_cc_g=yes
ac_cv_prog_cxx_g=yes
ac_cv_prog_f77_g=no
ac_cv_prog_make_make_set=yes
ac_cv_search_opendir='none required'
ac_cv_struct_tm=time.h
ac_cv_sys_file_offset_bits=no
ac_cv_sys_largefile_CC=no
ac_cv_type_signal=void
am_cv_CC_dependencies_compiler_type=gcc3
am_cv_CXX_dependencies_compiler_type=gcc3
lt_cv_deplibs_check_method=pass_all
lt_cv_file_magic_cmd='$MAGIC_CMD'
lt_cv_file_magic_test_file=
lt_cv_ld_reload_flag=-r
lt_cv_objdir=.libs
lt_cv_path_LD=/usr/libexec/gcc/i686-apple-darwin9/4.0.1/ld
lt_cv_path_LDCXX=/usr/libexec/gcc/i686-apple-darwin9/4.0.1/ld
lt_cv_path_NM='/usr/bin/nm -p'
lt_cv_path_SED=/usr/bin/sed
lt_cv_prog_compiler_c_o=yes
lt_cv_prog_compiler_c_o_CXX=yes
lt_cv_prog_compiler_rtti_exceptions=no
lt_cv_prog_gnu_ld=no
lt_cv_prog_gnu_ldcxx=no
lt_cv_sys_global_symbol_pipe='sed -n -e '\''s/^.*[ 	]\([BCDEGRST][BCDEGRST]*\)[ 	][ 	]*_\([_A-Za-z][_A-Za-z0-9]*\)$/\1 _\2 \2/p'\'''
lt_cv_sys_global_symbol_to_c_name_address='sed -n -e '\''s/^: \([^ ]*\) $/  {\"\1\", (lt_ptr) 0},/p'\'' -e '\''s/^[BCDEGRST] \([^ ]*\) \([^ ]*\)$/  {"\2", (lt_ptr) \&\2},/p'\'''
lt_cv_sys_global_symbol_to_cdecl='sed -n -e '\''s/^. .* \(.*\)$/extern int \1;/p'\'''
lt_cv_sys_max_cmd_len=196608
lt_lt_cv_prog_compiler_c_o='"yes"'
lt_lt_cv_prog_compiler_c_o_CXX='"yes"'
lt_lt_cv_sys_global_symbol_pipe='"sed -n -e '\''s/^.*[ 	]\\([BCDEGRST][BCDEGRST]*\\)[ 	][ 	]*_\\([_A-Za-z][_A-Za-z0-9]*\\)\$/\\1 _\\2 \\2/p'\''"'
lt_lt_cv_sys_global_symbol_to_c_name_address='"sed -n -e '\''s/^: \\([^ ]*\\) \$/  {\\\"\\1\\\", (lt_ptr) 0},/p'\'' -e '\''s/^[BCDEGRST] \\([^ ]*\\) \\([^ ]*\\)\$/  {\"\\2\", (lt_ptr) \\&\\2},/p'\''"'
lt_lt_cv_sys_global_symbol_to_cdecl='"sed -n -e '\''s/^. .* \\(.*\\)\$/extern int \\1;/p'\''"'

## ----------------- ##
## Output variables. ##
## ----------------- ##

ACLOCAL='${SHELL} /Users/af/mbuni/src/mbuni/autotools/missing --run aclocal-1.9'
AMDEPBACKSLASH='\'
AMDEP_FALSE='#'
AMDEP_TRUE=''
AMTAR='${SHELL} /Users/af/mbuni/src/mbuni/autotools/missing --run tar'
AR='ar'
AUTOCONF='${SHELL} /Users/af/mbuni/src/mbuni/autotools/missing --run autoconf'
AUTOHEADER='${SHELL} /Users/af/mbuni/src/mbuni/autotools/missing --run autoheader'
AUTOMAKE='${SHELL} /Users/af/mbuni/src/mbuni/autotools/missing --run automake-1.9'
AWK='awk'
BUILD_PGSQLQ_FALSE=''
BUILD_PGSQLQ_TRUE='#'
CC='gcc'
CCDEPMODE='depmode=gcc3'
CFLAGS='-D_LARGEFILE_SOURCE -D_FILE_OFFSET_BITS=64 -D_POSIX_PTHREAD_SEMANTICS -L/usr/lib -DDARWIN=1 -O4 -Wall -D_LARGE_FILES= -I/usr/include -I/opt/realtime/mbuni/include/kannel  -D_LARGEFILE_SOURCE -D_FILE_OFFSET_BITS=64 -L/usr/lib -DDARWIN=1 -L/Developer/SDKs/MacOSX10.4u.sdk/usr/lib -I/Developer/SDKs/MacOSX10.4u.sdk/usr/include -fnested-functions -D_LARGE_FILES= -I/usr/include/libxml2 -I/usr/include'
CPP='gcc -E'
CPPFLAGS=''
CXX='g++'
CXXCPP='g++ -E'
CXXDEPMODE='depmode=gcc3'
CXXFLAGS='-g -O2'
CYGPATH_W='echo'
DEFS='-DHAVE_CONFIG_H'
DEPDIR='.deps'
ECHO='/bin/echo'
ECHO_C='ECHO_N=''
ECHO_T=''
EGREP='/usr/bin/grep -E'
EXEEXT=''
F77=''
FFLAGS=''
GREP='/usr/bin/grep'
GW_CONFIG='/opt/realtime/mbuni/bin/gw-config'
INCLUDES='-I$(top_srcdir)/mmlib -I$(top_builddir)/mmlib'
INSTALL_DATA='${INSTALL} -m 644'
INSTALL_PROGRAM='${INSTALL}'
INSTALL_SCRIPT='${INSTALL}'
INSTALL_STRIP_PROGRAM='${SHELL} $(install_sh) -c -s'
LDFLAGS='-L/opt/realtime/mbuni/lib -L/opt/realtime/mbuni/lib/kannel -lgw -lwap -lgwlib -lssl -lresolv -lm  -lpthread -liconv -L/usr/lib -lxml2 -lz -lpthread -licucore -lm -L/usr/lib -lcrypto -lssl'
LIBOBJS=' ${LIBOBJDIR}error$U.o ${LIBOBJDIR}lstat$U.o'
LIBS='-lwap -lgwlib -lssl -lpthread -ldl  -L/usr/lib -lcrypto -lssl -L/opt/realtime/mbuni/lib/kannel -lgw -lwap -lgwlib -lssl -lresolv -lm  -lpthread -liconv -L/usr/lib -lxml2 -lz -lpthread -licucore -lm -L/usr/lib -lcrypto -lssl'
LIBTOOL='$(SHELL) $(top_builddir)/libtool'
LN_S='ln -s'
LTLIBOBJS=' ${LIBOBJDIR}error$U.lo ${LIBOBJDIR}lstat$U.lo'
MAINT='#'
MAINTAINER_MODE_FALSE=''
MAINTAINER_MODE_TRUE='#'
MAKEINFO='${SHELL} /Users/af/mbuni/src/mbuni/autotools/missing --run makeinfo'
OBJEXT='o'
OPENSSL='/usr/bin/openssl'
PACKAGE='mbuni'
PACKAGE_BUGREPORT='devel@mbuni.org'
PACKAGE_NAME='mbuni'
PACKAGE_STRING='mbuni cvs'
PACKAGE_TARNAME='mbuni'
PACKAGE_VERSION='cvs'
PATH_SEPARATOR=':'
PGSQL_CONFIG='no'
RANLIB='ranlib'
SET_MAKE=''
SHELL='/bin/sh'
STRIP='strip'
VERSION='1.4.0'
ac_ct_CC='gcc'
ac_ct_CXX='g++'
ac_ct_F77=''
am__fastdepCC_FALSE='#'
am__fastdepCC_TRUE=''
am__fastdepCXX_FALSE='#'
am__fastdepCXX_TRUE=''
am__include='include'
am__leading_dot='.'
am__quote=''
am__tar='${AMTAR} chof - "$$tardir"'
am__untar='${AMTAR} xf -'
bindir='${exec_prefix}/bin'
build='i386-apple-darwin9.4.0'
build_alias=''
build_cpu='i386'
build_os='darwin9.4.0'
build_vendor='apple'
datadir='${datarootdir}'
datarootdir='${prefix}/share'
docdir='${datarootdir}/doc/${PACKAGE_TARNAME}'
dvidir='${docdir}'
exec_prefix='${prefix}'
host='i386-apple-darwin9.4.0'
host_alias=''
host_cpu='i386'
host_os='darwin9.4.0'
host_vendor='apple'
htmldir='${docdir}'
includedir='${prefix}/include'
infodir='${datarootdir}/info'
install_sh='/Users/af/mbuni/src/mbuni/autotools/install-sh'
libdir='${exec_prefix}/lib'
libexecdir='${exec_prefix}/libexec'
localedir='${datarootdir}/locale'
localstatedir='${prefix}/var'
mandir='${datarootdir}/man'
mkdir_p='$(install_sh) -d'
oldincludedir='/usr/include'
pdfdir='${docdir}'
prefix='/opt/realtime/mbuni'
program_transform_name='s,x,x,'
psdir='${docdir}'
sbindir='${exec_prefix}/sbin'
sharedstatedir='${prefix}/com'
sysconfdir='${prefix}/etc'
target_alias=''

## ----------- ##
## confdefs.h. ##
## ----------- ##

#define PACKAGE_NAME "mbuni"
#define PACKAGE_TARNAME "mbuni"
#define PACKAGE_VERSION "cvs"
#define PACKAGE_STRING "mbuni cvs"
#define PACKAGE_BUGREPORT "devel@mbuni.org"
#define PACKAGE "mbuni"
#define VERSION "1.4.0"
#define STDC_HEADERS 1
#define HAVE_SYS_TYPES_H 1
#define HAVE_SYS_STAT_H 1
#define HAVE_STDLIB_H 1
#define HAVE_STRING_H 1
#define HAVE_MEMORY_H 1
#define HAVE_STRINGS_H 1
#define HAVE_INTTYPES_H 1
#define HAVE_STDINT_H 1
#define HAVE_UNISTD_H 1
#define HAVE_DLFCN_H 1
#define HAVE_LIBDL 1
#define HAVE_LIBPTHREAD 1
#define HAVE_DIRENT_H 1
#define STDC_HEADERS 1
#define HAVE_SYS_WAIT_H 1
#define HAVE_FLOAT_H 1
#define HAVE_MEMORY_H 1
#define HAVE_STDLIB_H 1
#define HAVE_STRING_H 1
#define HAVE_SYS_FILE_H 1
#define HAVE_UNISTD_H 1
#define HAVE_STDLIB_H 1
#define HAVE_MALLOC 1
#define RETSIGTYPE void
#define HAVE_FLOOR 1
#define HAVE_LOCALTIME_R 1
#define HAVE_MEMSET 1
#define HAVE_SQRT 1
#define HAVE_STRERROR 1
#define HAVE_STRRCHR 1
#define HAVE_STRTOL 1
#define HAVE_LIBSSL 1
#define HAVE_OPENSSL_X509_H 1
#define HAVE_OPENSSL_RSA_H 1
#define HAVE_OPENSSL_CRYPTO_H 1
#define HAVE_OPENSSL_PEM_H 1
#define HAVE_OPENSSL_SSL_H 1
#define HAVE_OPENSSL_ERR_H 1
#define HAVE_LIBSSL 1
#define HAVE_LIBGWLIB 1
#define HAVE_LIBWAP 1
#define MBUNI_VERSION "1.4.0"

configure: exit 0
